1594926174562	mozrunner::runner	INFO	Running command: "C:\\Program Files\\Firefox Developer Edition\\firefox.exe" "-marionette" "-headless" "-foreground" "-no-remote" "-profile" "C:\\Users\\ABDINA~1\\AppData\\Local\\Temp\\rust_mozprofilenuJQv7"
*** You are running in headless mode.
JavaScript error: resource://gre/modules/XULStore.jsm, line 66: Error: Can't find profile directory.
1594926186300	Marionette	INFO	Listening on port 60991
1594926186610	Marionette	WARN	TLS certificate errors will be ignored for this session
1594926196255	Marionette	INFO	Stopped listening on port 60991
1594926517360	mozrunner::runner	INFO	Running command: "C:\\Program Files\\Firefox Developer Edition\\firefox.exe" "-marionette" "-headless" "-foreground" "-no-remote" "-profile" "C:\\Users\\ABDINA~1\\AppData\\Local\\Temp\\rust_mozprofilekZv8vS"
*** You are running in headless mode.
JavaScript error: resource://gre/modules/XULStore.jsm, line 66: Error: Can't find profile directory.
1594926520121	Marionette	INFO	Listening on port 60411
1594926520476	Marionette	WARN	TLS certificate errors will be ignored for this session
1594926536033	Marionette	INFO	Stopped listening on port 60411
1594926608199	mozrunner::runner	INFO	Running command: "C:\\Program Files\\Firefox Developer Edition\\firefox.exe" "-marionette" "-headless" "-foreground" "-no-remote" "-profile" "C:\\Users\\ABDINA~1\\AppData\\Local\\Temp\\rust_mozprofilezPV65T"
*** You are running in headless mode.
JavaScript error: resource://gre/modules/XULStore.jsm, line 66: Error: Can't find profile directory.
1594926613745	Marionette	INFO	Listening on port 60803
1594926613919	Marionette	WARN	TLS certificate errors will be ignored for this session
1594926620231	Marionette	INFO	Stopped listening on port 60803
1594926653873	mozrunner::runner	INFO	Running command: "C:\\Program Files\\Firefox Developer Edition\\firefox.exe" "-marionette" "-headless" "-foreground" "-no-remote" "-profile" "C:\\Users\\ABDINA~1\\AppData\\Local\\Temp\\rust_mozprofilexvLFzv"
*** You are running in headless mode.
JavaScript error: resource://gre/modules/XULStore.jsm, line 66: Error: Can't find profile directory.
1594926656390	Marionette	INFO	Listening on port 61069
1594926656486	Marionette	WARN	TLS certificate errors will be ignored for this session
1594926662968	Marionette	INFO	Stopped listening on port 61069

###!!! [Child][MessageChannel] Error: (msgtype=0x5A000D,name=PHttpChannel::Msg_DeletingChannel) Channel closing: too late to send/recv, messages will be lost

1594926695216	mozrunner::runner	INFO	Running command: "C:\\Program Files\\Firefox Developer Edition\\firefox.exe" "-marionette" "-headless" "-foreground" "-no-remote" "-profile" "C:\\Users\\ABDINA~1\\AppData\\Local\\Temp\\rust_mozprofileRKG973"
*** You are running in headless mode.
JavaScript error: resource://gre/modules/XULStore.jsm, line 66: Error: Can't find profile directory.
1594926697745	Marionette	INFO	Listening on port 61312
1594926697856	Marionette	WARN	TLS certificate errors will be ignored for this session
1594926708244	Marionette	INFO	Stopped listening on port 61312
JavaScript error: https://vidstat.taboola.com/vpaid/units/28_1_5/infra/cmTagFEED_MANAGER.js, line 13: NS_ERROR_NOT_INITIALIZED: 
1594926730143	mozrunner::runner	INFO	Running command: "C:\\Program Files\\Firefox Developer Edition\\firefox.exe" "-marionette" "-headless" "-foreground" "-no-remote" "-profile" "C:\\Users\\ABDINA~1\\AppData\\Local\\Temp\\rust_mozprofileHVaWFO"
*** You are running in headless mode.
JavaScript error: resource://gre/modules/XULStore.jsm, line 66: Error: Can't find profile directory.
1594926733509	Marionette	INFO	Listening on port 61676
1594926733768	Marionette	WARN	TLS certificate errors will be ignored for this session
1594926749163	Marionette	INFO	Stopped listening on port 61676
1594926783061	mozrunner::runner	INFO	Running command: "C:\\Program Files\\Firefox Developer Edition\\firefox.exe" "-marionette" "-headless" "-foreground" "-no-remote" "-profile" "C:\\Users\\ABDINA~1\\AppData\\Local\\Temp\\rust_mozprofileIq4Szv"
*** You are running in headless mode.
JavaScript error: resource://gre/modules/XULStore.jsm, line 66: Error: Can't find profile directory.
1594926785466	Marionette	INFO	Listening on port 61980
1594926785670	Marionette	WARN	TLS certificate errors will be ignored for this session
1594926817884	Marionette	INFO	Stopped listening on port 61980
1594926943729	mozrunner::runner	INFO	Running command: "C:\\Program Files\\Firefox Developer Edition\\firefox.exe" "-marionette" "-headless" "-foreground" "-no-remote" "-profile" "C:\\Users\\ABDINA~1\\AppData\\Local\\Temp\\rust_mozprofiletMWbcn"
*** You are running in headless mode.
JavaScript error: resource://gre/modules/XULStore.jsm, line 66: Error: Can't find profile directory.
1594926946269	Marionette	INFO	Listening on port 62292
1594926946344	Marionette	WARN	TLS certificate errors will be ignored for this session
1594926953600	Marionette	INFO	Stopped listening on port 62292
1594927025069	mozrunner::runner	INFO	Running command: "C:\\Program Files\\Firefox Developer Edition\\firefox.exe" "-marionette" "-headless" "-foreground" "-no-remote" "-profile" "C:\\Users\\ABDINA~1\\AppData\\Local\\Temp\\rust_mozprofilezjOoPa"
*** You are running in headless mode.
JavaScript error: resource://gre/modules/XULStore.jsm, line 66: Error: Can't find profile directory.
1594927027431	Marionette	INFO	Listening on port 62564
1594927027694	Marionette	WARN	TLS certificate errors will be ignored for this session
1594927035747	Marionette	INFO	Stopped listening on port 62564
JavaScript error: https://vidstat.taboola.com/vpaid/units/28_1_5/infra/cmTagFEED_MANAGER.js, line 13: NS_ERROR_NOT_INITIALIZED: 
1594927068684	mozrunner::runner	INFO	Running command: "C:\\Program Files\\Firefox Developer Edition\\firefox.exe" "-marionette" "-headless" "-foreground" "-no-remote" "-profile" "C:\\Users\\ABDINA~1\\AppData\\Local\\Temp\\rust_mozprofilebDrUIl"
*** You are running in headless mode.
JavaScript error: resource://gre/modules/XULStore.jsm, line 66: Error: Can't find profile directory.
1594927071256	Marionette	INFO	Listening on port 62857
1594927071299	Marionette	WARN	TLS certificate errors will be ignored for this session
1594927080102	Marionette	INFO	Stopped listening on port 62857

###!!! [Child][MessageChannel] Error: (msgtype=0x5A000D,name=PHttpChannel::Msg_DeletingChannel) Channel closing: too late to send/recv, messages will be lost

1594927134648	mozrunner::runner	INFO	Running command: "C:\\Program Files\\Firefox Developer Edition\\firefox.exe" "-marionette" "-headless" "-foreground" "-no-remote" "-profile" "C:\\Users\\ABDINA~1\\AppData\\Local\\Temp\\rust_mozprofileWWD3Pw"
*** You are running in headless mode.
JavaScript error: resource://gre/modules/XULStore.jsm, line 66: Error: Can't find profile directory.
1594927137168	Marionette	INFO	Listening on port 63127
1594927137285	Marionette	WARN	TLS certificate errors will be ignored for this session
1594927151870	Marionette	INFO	Stopped listening on port 63127
1594927188864	mozrunner::runner	INFO	Running command: "C:\\Program Files\\Firefox Developer Edition\\firefox.exe" "-marionette" "-headless" "-foreground" "-no-remote" "-profile" "C:\\Users\\ABDINA~1\\AppData\\Local\\Temp\\rust_mozprofiledBcsLl"
*** You are running in headless mode.
JavaScript error: resource://gre/modules/XULStore.jsm, line 66: Error: Can't find profile directory.
1594927191354	Marionette	INFO	Listening on port 63402
1594927191481	Marionette	WARN	TLS certificate errors will be ignored for this session
1594927201454	Marionette	INFO	Stopped listening on port 63402
1594927242587	mozrunner::runner	INFO	Running command: "C:\\Program Files\\Firefox Developer Edition\\firefox.exe" "-marionette" "-headless" "-foreground" "-no-remote" "-profile" "C:\\Users\\ABDINA~1\\AppData\\Local\\Temp\\rust_mozprofileFpXUXg"
*** You are running in headless mode.
JavaScript error: resource://gre/modules/XULStore.jsm, line 66: Error: Can't find profile directory.
1594927244923	Marionette	INFO	Listening on port 63728
1594927245198	Marionette	WARN	TLS certificate errors will be ignored for this session
1594927261851	Marionette	INFO	Stopped listening on port 63728
1594927286762	mozrunner::runner	INFO	Running command: "C:\\Program Files\\Firefox Developer Edition\\firefox.exe" "-marionette" "-headless" "-foreground" "-no-remote" "-profile" "C:\\Users\\ABDINA~1\\AppData\\Local\\Temp\\rust_mozprofileXbSrqc"
*** You are running in headless mode.
JavaScript error: resource://gre/modules/XULStore.jsm, line 66: Error: Can't find profile directory.
1594927288867	Marionette	INFO	Listening on port 64149
1594927288876	Marionette	WARN	TLS certificate errors will be ignored for this session

###!!! [Parent][MessageChannel] Error: (msgtype=0x39012F,name=PContent::Msg_AsyncMessage) Channel error: cannot send/recv

A content process crashed and MOZ_CRASHREPORTER_SHUTDOWN is set, shutting down
[Parent 13324, Gecko_IOThread] WARNING: file /builds/worker/checkouts/gecko/ipc/chromium/src/base/process_util_win.cc, line 166
1594927363573	Marionette	INFO	Stopped listening on port 64149
1594927380708	mozrunner::runner	INFO	Running command: "C:\\Program Files\\Firefox Developer Edition\\firefox.exe" "-marionette" "-headless" "-foreground" "-no-remote" "-profile" "C:\\Users\\ABDINA~1\\AppData\\Local\\Temp\\rust_mozprofile39pi7e"
*** You are running in headless mode.
JavaScript error: resource://gre/modules/XULStore.jsm, line 66: Error: Can't find profile directory.
1594927382880	Marionette	INFO	Listening on port 64212
1594927383329	Marionette	WARN	TLS certificate errors will be ignored for this session
1594927390896	Marionette	INFO	Stopped listening on port 64212
1594927476373	mozrunner::runner	INFO	Running command: "C:\\Program Files\\Firefox Developer Edition\\firefox.exe" "-marionette" "-headless" "-foreground" "-no-remote" "-profile" "C:\\Users\\ABDINA~1\\AppData\\Local\\Temp\\rust_mozprofileTUMI7G"
*** You are running in headless mode.
JavaScript error: resource://gre/modules/XULStore.jsm, line 66: Error: Can't find profile directory.
1594927478828	Marionette	INFO	Listening on port 64490
1594927478983	Marionette	WARN	TLS certificate errors will be ignored for this session
A content process crashed and MOZ_CRASHREPORTER_SHUTDOWN is set, shutting down
[Parent 13048, Gecko_IOThread] WARNING: file /builds/worker/checkouts/gecko/ipc/chromium/src/base/process_util_win.cc, line 166
1594927480582	Marionette	INFO	Stopped listening on port 64490
1594927494633	mozrunner::runner	INFO	Running command: "C:\\Program Files\\Firefox Developer Edition\\firefox.exe" "-marionette" "-headless" "-foreground" "-no-remote" "-profile" "C:\\Users\\ABDINA~1\\AppData\\Local\\Temp\\rust_mozprofile1XRXtu"
*** You are running in headless mode.
JavaScript error: resource://gre/modules/XULStore.jsm, line 66: Error: Can't find profile directory.
1594927497145	Marionette	INFO	Listening on port 64542
1594927497257	Marionette	WARN	TLS certificate errors will be ignored for this session
1594927504150	Marionette	INFO	Stopped listening on port 64542

###!!! [Child][MessageChannel] Error: (msgtype=0x5A000D,name=PHttpChannel::Msg_DeletingChannel) Channel closing: too late to send/recv, messages will be lost


###!!! [Child][MessageChannel] Error: (msgtype=0x5A000D,name=PHttpChannel::Msg_DeletingChannel) Channel closing: too late to send/recv, messages will be lost

1594927618899	mozrunner::runner	INFO	Running command: "C:\\Program Files\\Firefox Developer Edition\\firefox.exe" "-marionette" "-headless" "-foreground" "-no-remote" "-profile" "C:\\Users\\ABDINA~1\\AppData\\Local\\Temp\\rust_mozprofile3GhS6x"
*** You are running in headless mode.
JavaScript error: resource://gre/modules/XULStore.jsm, line 66: Error: Can't find profile directory.
1594927621009	Marionette	INFO	Listening on port 64803
1594927621511	Marionette	WARN	TLS certificate errors will be ignored for this session
1594927629674	Marionette	INFO	Stopped listening on port 64803
1594927697162	mozrunner::runner	INFO	Running command: "C:\\Program Files\\Firefox Developer Edition\\firefox.exe" "-marionette" "-headless" "-foreground" "-no-remote" "-profile" "C:\\Users\\ABDINA~1\\AppData\\Local\\Temp\\rust_mozprofileGdKCpw"
*** You are running in headless mode.
JavaScript error: resource://gre/modules/XULStore.jsm, line 66: Error: Can't find profile directory.
1594927699659	Marionette	INFO	Listening on port 65059
1594927699773	Marionette	WARN	TLS certificate errors will be ignored for this session
1594927707307	Marionette	INFO	Stopped listening on port 65059
1594929769902	mozrunner::runner	INFO	Running command: "C:\\Program Files\\Firefox Developer Edition\\firefox.exe" "-marionette" "-headless" "-foreground" "-no-remote" "-profile" "C:\\Users\\ABDINA~1\\AppData\\Local\\Temp\\rust_mozprofilew4MQce"
*** You are running in headless mode.
JavaScript error: resource://gre/modules/XULStore.jsm, line 66: Error: Can't find profile directory.
1594929772483	Marionette	INFO	Listening on port 49756
1594929772518	Marionette	WARN	TLS certificate errors will be ignored for this session
A content process crashed and MOZ_CRASHREPORTER_SHUTDOWN is set, shutting down
[Parent 20128, Gecko_IOThread] WARNING: file /builds/worker/checkouts/gecko/ipc/chromium/src/base/process_util_win.cc, line 166
1594930154135	Marionette	INFO	Stopped listening on port 49756
less mode.
JavaScript error: resource://gre/modules/XULStore.jsm, line 66: Error: Can't find profile directory.
1594929800446	Marionette	INFO	Listening on port 50060
1594929800537	Marionette	WARN	TLS certificate errors will be ignored for this session
A content process crashed and MOZ_CRASHREPORTER_SHUTDOWN is set, shutting down
[Parent 19380, Gecko_IOThread] WARNING: file /builds/worker/checkouts/gecko/ipc/chromium/src/base/process_util_win.cc, line 166
1594930150815	Marionette	INFO	Stopped listening on port 50060
less mode.
JavaScript error: resource://gre/modules/XULStore.jsm, line 66: Error: Can't find profile directory.
1594929859620	Marionette	INFO	Listening on port 50421
1594929859934	Marionette	WARN	TLS certificate errors will be ignored for this session
Exiting due to channel error.
Exiting due to channel error.
Exiting due to channel error.
dition\\firefox.exe" "-marionette" "-headless" "-foreground" "-no-remote" "-profile" "C:\\Users\\ABDINA~1\\AppData\\Local\\Temp\\rust_mozprofileHAYB1F"
*** You are running in headless mode.
JavaScript error: resource://gre/modules/XULStore.jsm, line 66: Error: Can't find profile directory.
1594930031007	Marionette	INFO	Listening on port 50831
1594930031470	Marionette	WARN	TLS certificate errors will be ignored for this session
Exiting due to channel error.
Exiting due to channel error.
Exiting due to channel error.
1594930163879	mozrunner::runner	INFO	Running command: "C:\\Program Files\\Firefox Developer Edition\\firefox.exe" "-marionette" "-headless" "-foreground" "-no-remote" "-profile" "C:\\Users\\ABDINA~1\\AppData\\Local\\Temp\\rust_mozprofile12nE88"
*** You are running in headless mode.
JavaScript error: resource://gre/modules/XULStore.jsm, line 66: Error: Can't find profile directory.
1594930167205	Marionette	INFO	Listening on port 51305
1594930167494	Marionette	WARN	TLS certificate errors will be ignored for this session
A content process crashed and MOZ_CRASHREPORTER_SHUTDOWN is set, shutting down
[Parent 15732, Gecko_IOThread] WARNING: file /builds/worker/checkouts/gecko/ipc/chromium/src/base/process_util_win.cc, line 166
1594930201631	Marionette	INFO	Stopped listening on port 51305
1594930207690	mozrunner::runner	INFO	Running command: "C:\\Program Files\\Firefox Developer Edition\\firefox.exe" "-marionette" "-headless" "-foreground" "-no-remote" "-profile" "C:\\Users\\ABDINA~1\\AppData\\Local\\Temp\\rust_mozprofileCZUVwY"
*** You are running in headless mode.
JavaScript error: resource://gre/modules/XULStore.jsm, line 66: Error: Can't find profile directory.
1594930210011	Marionette	INFO	Listening on port 51604
1594930210299	Marionette	WARN	TLS certificate errors will be ignored for this session
1594930216880	Marionette	INFO	Stopped listening on port 51604
JavaScript error: https://vidstat.taboola.com/vpaid/units/28_1_5/infra/cmTagFEED_MANAGER.js, line 13: NS_ERROR_NOT_INITIALIZED: 
1594930449398	mozrunner::runner	INFO	Running command: "C:\\Program Files\\Firefox Developer Edition\\firefox.exe" "-marionette" "-headless" "-foreground" "-no-remote" "-profile" "C:\\Users\\ABDINA~1\\AppData\\Local\\Temp\\rust_mozprofileZuBizJ"
*** You are running in headless mode.
JavaScript error: resource://gre/modules/XULStore.jsm, line 66: Error: Can't find profile directory.
1594930452046	Marionette	INFO	Listening on port 51951
1594930452511	Marionette	WARN	TLS certificate errors will be ignored for this session
A content process crashed and MOZ_CRASHREPORTER_SHUTDOWN is set, shutting down
[Parent 14000, Gecko_IOThread] WARNING: file /builds/worker/checkouts/gecko/ipc/chromium/src/base/process_util_win.cc, line 166
1594931250551	Marionette	INFO	Stopped listening on port 51951
1594931257357	mozrunner::runner	INFO	Running command: "C:\\Program Files\\Firefox Developer Edition\\firefox.exe" "-marionette" "-headless" "-foreground" "-no-remote" "-profile" "C:\\Users\\ABDINA~1\\AppData\\Local\\Temp\\rust_mozprofile23auQj"
*** You are running in headless mode.
JavaScript error: resource://gre/modules/XULStore.jsm, line 66: Error: Can't find profile directory.
1594931259957	Marionette	INFO	Listening on port 52708
1594931259972	Marionette	WARN	TLS certificate errors will be ignored for this session
JavaScript error: chrome://marionette/content/proxy.js, line 222: TypeError: can't access property "remove", this.browser.driver.dialogObserver is null
A content process crashed and MOZ_CRASHREPORTER_SHUTDOWN is set, shutting down
[Parent 22336, Gecko_IOThread] WARNING: file /builds/worker/checkouts/gecko/ipc/chromium/src/base/process_util_win.cc, line 166
JavaScript error: chrome://marionette/content/proxy.js, line 222: TypeError: can't access property "remove", this.browser.driver.dialogObserver is null
1594931282797	Marionette	INFO	Stopped listening on port 52708
1594931289739	mozrunner::runner	INFO	Running command: "C:\\Program Files\\Firefox Developer Edition\\firefox.exe" "-marionette" "-headless" "-foreground" "-no-remote" "-profile" "C:\\Users\\ABDINA~1\\AppData\\Local\\Temp\\rust_mozprofileaAPNkD"
*** You are running in headless mode.
JavaScript error: resource://gre/modules/XULStore.jsm, line 66: Error: Can't find profile directory.
1594931292419	Marionette	INFO	Listening on port 52997
1594931292852	Marionette	WARN	TLS certificate errors will be ignored for this session
1594931326204	mozrunner::runner	INFO	Running command: "C:\\Program Files\\Firefox Developer Edition\\firefox.exe" "-marionette" "-headless" "-foreground" "-no-remote" "-profile" "C:\\Users\\ABDINA~1\\AppData\\Local\\Temp\\rust_mozprofileV0Bs9X"
*** You are running in headless mode.
JavaScript error: resource://gre/modules/XULStore.jsm, line 66: Error: Can't find profile directory.
1594931328556	Marionette	INFO	Listening on port 53317
1594931328813	Marionette	WARN	TLS certificate errors will be ignored for this session
A content process crashed and MOZ_CRASHREPORTER_SHUTDOWN is set, shutting down
[Parent 12240, Gecko_IOThread] WARNING: file /builds/worker/checkouts/gecko/ipc/chromium/src/base/process_util_win.cc, line 166
1594931385932	Marionette	INFO	Stopped listening on port 53317
1594931392367	mozrunner::runner	INFO	Running command: "C:\\Program Files\\Firefox Developer Edition\\firefox.exe" "-marionette" "-headless" "-foreground" "-no-remote" "-profile" "C:\\Users\\ABDINA~1\\AppData\\Local\\Temp\\rust_mozprofileFzAs75"
*** You are running in headless mode.
JavaScript error: resource://gre/modules/XULStore.jsm, line 66: Error: Can't find profile directory.
1594931395224	Marionette	INFO	Listening on port 53698
1594931395490	Marionette	WARN	TLS certificate errors will be ignored for this session
1594931405040	Marionette	INFO	Stopped listening on port 53698
1594931776520	mozrunner::runner	INFO	Running command: "C:\\Program Files\\Firefox Developer Edition\\firefox.exe" "-marionette" "-headless" "-foreground" "-no-remote" "-profile" "C:\\Users\\ABDINA~1\\AppData\\Local\\Temp\\rust_mozprofile47TOUb"
*** You are running in headless mode.
JavaScript error: resource://gre/modules/XULStore.jsm, line 66: Error: Can't find profile directory.
1594931779523	Marionette	INFO	Listening on port 54156
1594931779642	Marionette	WARN	TLS certificate errors will be ignored for this session
1594931788141	Marionette	INFO	Stopped listening on port 54156
1595188550488	mozrunner::runner	INFO	Running command: "C:\\Program Files\\Firefox Developer Edition\\firefox.exe" "-marionette" "-headless" "-foreground" "-no-remote" "-profile" "C:\\Users\\ABDINA~1\\AppData\\Local\\Temp\\rust_mozprofilecH6uyC"
*** You are running in headless mode.
JavaScript error: resource://gre/modules/XULStore.jsm, line 66: Error: Can't find profile directory.
1595188554984	Marionette	INFO	Listening on port 53690
1595188555276	Marionette	WARN	TLS certificate errors will be ignored for this session
JavaScript error: resource://gre/modules/XULStore.jsm, line 66: Error: Can't find profile directory.
JavaScript error: resource://gre/modules/XULStore.jsm, line 66: Error: Can't find profile directory.
JavaScript error: , line 0: NS_ERROR_NOT_AVAILABLE
JavaScript warning: https://cdn.bidfilter.com/safeframe.js line 1 > eval line 1 > eval, line 1: WebGL warning: <Create>: Can't use WebGL in headless mode (https://bugzil.la/1375585).
JavaScript warning: https://cdn.bidfilter.com/safeframe.js line 1 > eval line 1 > eval, line 1: Failed to create WebGL context: WebGL creation failed: 
* Can't use WebGL in headless mode (https://bugzil.la/1375585).
JavaScript warning: https://cdn.bidfilter.com/safeframe.js line 1 > eval line 1 > eval, line 1: WebGL warning: <Create>: Can't use WebGL in headless mode (https://bugzil.la/1375585).
JavaScript warning: https://cdn.bidfilter.com/safeframe.js line 1 > eval line 1 > eval, line 1: Failed to create WebGL context: WebGL creation fai
###!!! [Parent][MessageChannel] Error: (msgtype=0x39012F,name=PContent::Msg_AsyncMessage) Channel error: cannot send/recv

A content process crashed and MOZ_CRASHREPORTER_SHUTDOWN is set, shutting down
[Parent 14220, Gecko_IOThread] WARNING: file /builds/worker/checkouts/gecko/ipc/chromium/src/base/process_util_win.cc, line 166
1595190956221	Marionette	INFO	Stopped listening on port 59377
failed: 
* Can't use WebGL in headless mode (https://bugzil.la/1375585).
JavaScript warning: https://cdn.bidfilter.com/safeframe.js line 1 > eval line 1 > eval, line 1: WebGL warning: <Create>: Can't use WebGL in headless mode (https://bugzil.la/1375585).
JavaScript warning: https://cdn.bidfilter.com/safeframe.js line 1 > eval line 1 > eval, line 1: Failed to create WebGL context: WebGL creation failed: 
* Can't use WebGL in headless mode (https://bugzil.la/1375585).

###!!! [Parent][MessageChannel] Error: (msgtype=0x39012F,name=PContent::Msg_AsyncMessage) Channel error: cannot send/recv

A content process crashed and MOZ_CRASHREPORTER_SHUTDOWN is set, shutting down
[Parent 16228, Gecko_IOThread] WARNING: file /builds/worker/checkouts/gecko/ipc/chromium/src/base/process_util_win.cc, line 166
JavaScript error: https://eus.rubiconproject.com/usync.html?p=33across&endpoint=us-east&us_privacy=, line 12: SecurityError: The operation is insecure.
1595190973191	Marionette	INFO	Stopped listening on port 53690
: , line 0: NS_ERROR_NOT_AVAILABLE
JavaScript warning: https://cdn.bidfilter.com/safeframe.js line 1 > eval line 1 > eval, line 1: WebGL warning: <Create>: Can't use WebGL in headless mode (https://bugzil.la/1375585).
JavaScript warning: https://cdn.bidfilter.com/safeframe.js line 1 > eval line 1 > eval, line 1: Failed to create WebGL context: WebGL creation failed: 
* Can't use WebGL in headless mode (https://bugzil.la/1375585).
JavaScript warning: https://cdn.bidfilter.com/safeframe.js line 1 > eval line 1 > eval, line 1: WebGL warning: <Create>: Can't use WebGL in headless mode (https://bugzil.la/1375585).
JavaScript warning: https://cdn.bidfilter.com/safeframe.js line 1 > eval line 1 > eval, line 1: Failed to create WebGL context: WebGL creation failed: 
* Can't use WebGL in headless mode (https://bugzil.la/1375585).
JavaScript warning: https://cdn.bidfilter.com/safeframe.js line 1 > eval line 1 > eval, line 1: WebGL warning: <Create>: Can't use WebGL in headless mode (https://bugzil.la/1375585).
JavaScript warning: https://cdn.bidfilter.com/safeframe.js line 1 > eval line 1 > eval, line 1: Failed to create WebGL context: WebGL creation failed: 
* Can't use WebGL in headless mode (https://bugzil.la/1375585).
JavaScript warning: https://cdn.bidfilter.com/safeframe.js line 1 > eval line 1 > eval, line 1: WebGL warning: <Create>: Can't use WebGL in headless mode (https://bugzil.la/1375585).
JavaScript warning: https://cdn.bidfilter.com/safeframe.js line 1 > eval line 1 > eval, line 1: Failed to create WebGL context: WebGL creation failed: 
* Can't use WebGL in headless mode (https://bugzil.la/1375585).
A content process crashed and MOZ_CRASHREPORTER_SHUTDOWN is set, shutting down
[Parent 5760, Gecko_IOThread] WARNING: file /builds/worker/checkouts/gecko/ipc/chromium/src/base/process_util_win.cc, line 166
1595190985761	Marionette	INFO	Stopped listening on port 59830
t use WebGL in headless mode (https://bugzil.la/1375585).
JavaScript warning: https://s.yimg.com/rq/iv/inside.js, line 1: WebGL warning: <Create>: Can't use WebGL in headless mode (https://bugzil.la/1375585).
JavaScript warning: https://s.yimg.com/rq/iv/inside.js, line 1: Failed to create WebGL context: WebGL creation failed: 
* Can't use WebGL in headless mode (https://bugzil.la/1375585).
JavaScript warning: https://s.yimg.com/rq/iv/inside.js, line 1: WebGL warning: <Create>: Can't use WebGL in headless mode (https://bugzil.la/1375585).
JavaScript warning: https://s.yimg.com/rq/iv/inside.js, line 1: Failed to create WebGL context: WebGL creation failed: 
* Can't use WebGL in headless mode (https://bugzil.la/1375585).
JavaScript warning: https://cdn.bidfilter.com/safeframe.js line 1 > eval line 1 > eval, line 1: WebGL warning: <Create>: Can't use WebGL in headless mode (https://bugzil.la/1375585).
JavaScript warning: https://cdn.bidfilter.com/safeframe.js line 1 > eval line 1 > eval, line 1: Failed to create WebGL context: WebGL creation failed: 
* Can't use WebGL in headless mode (https://bugzil.la/1375585).
JavaScript warning: https://s.yimg.com/rq/iv/inside.js, line 1: WebGL warning: <Create>: Can't use WebGL in headless mode (https://bugzil.la/1375585).
JavaScript warning: https://s.yimg.com/rq/iv/inside.js, line 1: Failed to create WebGL context: WebGL creation failed: 
* Can't use WebGL in headless mode (https://bugzil.la/1375585).
JavaScript warning: https://s.yimg.com/rq/iv/inside.js, line 1: WebGL warning: <Create>: Can't use WebGL in headless mode (https://bugzil.la/1375585).
JavaScript warning: https://s.yimg.com/rq/iv/inside.js, line 1: Failed to create WebGL context: WebGL creation failed: 
* Can't use WebGL in headless mode (https://bugzil.la/1375585).

###!!! [Parent][MessageChannel] Error: (msgtype=0x39012F,name=PContent::Msg_AsyncMessage) Channel error: cannot send/recv

A content process crashed and MOZ_CRASHREPORTER_SHUTDOWN is set, shutting down
JavaScript warning: https://s.yimg.com/rq/iv/inside-5.js, line 1: WebGL warning: <Create>: Can't use WebGL in headless mode (https://bugzil.la/1375585).
JavaScript warning: https://s.yimg.com/rq/iv/inside-5.js, line 1: Failed to create WebGL context: WebGL creation failed: 
* Can't use WebGL in headless mode (https://bugzil.la/1375585).
JavaScript warning: https://s.yimg.com/rq/iv/inside-5.js, line 1: WebGL warning: <Create>: Can't use WebGL in headless mode (https://bugzil.la/1375585).
JavaScript warning: https://s.yimg.com/rq/iv/inside-5.js, line 1: Failed to create WebGL context: WebGL creation failed: 
* Can't use WebGL in headless mode (https://bugzil.la/1375585).
[Parent 10560, Gecko_IOThread] WARNING: file /builds/worker/checkouts/gecko/ipc/chromium/src/base/process_util_win.cc, line 166
JavaScript error: https://eus.rubiconproject.com/usync.html?p=33across&endpoint=us-east&us_privacy=, line 12: SecurityError: The operation is insecure.
1595190976833	Marionette	INFO	Stopped listening on port 60229
ps://bugzil.la/1375585).
JavaScript warning: https://s.yimg.com/rq/iv/inside.js, line 1: WebGL warning: <Create>: Can't use WebGL in headless mode (https://bugzil.la/1375585).
JavaScript warning: https://s.yimg.com/rq/iv/inside.js, line 1: Failed to create WebGL context: WebGL creation failed: 
* Can't use WebGL in headless mode (https://bugzil.la/1375585).
JavaScript warning: https://s.yimg.com/rq/iv/inside.js, line 1: WebGL warning: <Create>: Can't use WebGL in headless mode (https://bugzil.la/1375585).
JavaScript warning: https://s.yimg.com/rq/iv/inside.js, line 1: Failed to create WebGL context: WebGL creation failed: 
* Can't use WebGL in headless mode (https://bugzil.la/1375585).

###!!! [Parent][MessageChannel] Error: (msgtype=0x39012F,name=PContent::Msg_AsyncMessage) Channel error: cannot send/recv

A content process crashed and MOZ_CRASHREPORTER_SHUTDOWN is set, shutting down
[Parent 10352, Gecko_IOThread] WARNING: file /builds/worker/checkouts/gecko/ipc/chromium/src/base/process_util_win.cc, line 166
JavaScript error: https://eus.rubiconproject.com/usync.html?p=33across&endpoint=us-east&us_privacy=, line 12: SecurityError: The operation is insecure.
1595190977978	Marionette	INFO	Stopped listening on port 64207
 to create WebGL context: WebGL creation failed: 
* Can't use WebGL in headless mode (https://bugzil.la/1375585).
JavaScript warning: https://s.yimg.com/rq/iv/inside.js, line 1: WebGL warning: <Create>: Can't use WebGL in headless mode (https://bugzil.la/1375585).
JavaScript warning: https://s.yimg.com/rq/iv/inside.js, line 1: Failed to create WebGL context: WebGL creation failed: 
* Can't use WebGL in headless mode (https://bugzil.la/1375585).
JavaScript warning: https://s.yimg.com/rq/iv/inside.js, line 1: WebGL warning: <Create>: Can't use WebGL in headless mode (https://bugzil.la/1375585).
JavaScript warning: https://s.yimg.com/rq/iv/inside.jsJavaScript warning: https://s.yimg.com/rq/ivA content process crashed and MOZ_CRASHREPORTER_SHUTDOWN is set, shutting down
[Parent 1760, Gecko_IOThread] WARNING: file /builds/worker/checkouts/gecko/ipc/chromium/src/base/process_util_win.cc, line 166
JavaScript error: https://eus.rubiconproject.com/usync.html?p=33across&endpoint=us-east&us_privacy=, line 12: SecurityError: The operation is insecure.
1595190990149	Marionette	INFO	Stopped listening on port 49420
 (https://bugzil.la/1375585).
JavaScript warning: https://s.yimg.com/rq/iv/inside-20.js, line 1: Failed to create WebGL context: WebGL creation failed: 
* Can't use WebGL in headless mode (https://bugzil.la/1375585).
JavaScript warning: https://cdn.bidfilter.com/safeframe.js line 1 > eval line 1 > eval, line 1: WebGL warning: <Create>: Can't use WebGL in headless mode (https://bugzil.la/1375585).
JavaScript warning: https://cdn.bidfilter.com/safeframe.js line 1 > eval line 1 > eval, line 1: Failed to create WebGL context: WebGL creation failed: 
* Can't use WebGL in headless mode (https://bugzil.la/1375585).
JavaScript warning: https://s.yimg.com/rq/iv/inside-20.js, line 1: WebGL warning: <Create>: Can't use WebGL in headless mode (https://bugzil.la/1375585).
JavaScript warning: https://s.yimg.com/rq/iv/inside-20.js, line 1: Failed to create WebGL context: WebGL creation failed: 
* Can't use WebGL in headless mode (https://bugzil.la/1375585).
JavaScript warning: https://s.yimg.com/rq/iv/inside-20.js, line 1: WebGL warning: <Create>: Can't use WebGL in headless mode (https://bugzil.la/1375585).
JavaScript warning: https://s.yimg.com/rq/iv/inside-20.js, line 1: Failed to create WebGL context: WebGL creation failed: 
* Can't use WebGL in headless mode (https://bugzil.la/1375585).
JavaScript warning: https://s.yimg.com/rq/iv/inside-20.js, line 1: WebGL warning: <Create>: Can't use WebGL in headless mode (https://bugzil.la/1375585).
JavaScript warning: https://s.yimg.com/rq/iv/inside-20.js, line 1: Failed to create WebGL context: WebGL creation failed: 
* Can't use WebGL in headless mode (https://bugzil.la/1375585).
JavaScript warning: https://s.yimg.com/rq/iv/inside-20.js, line 1: WebGL warning: <Create>: Can't use WebGL in headless mode (https://bugzil.la/1375585).
JavaScript warning: https://s.yimg.com/rq/iv/inside-20.js, line 1: Failed to create WebGL context: WebGL creation failed: 
* Can't use WebGL in headless mode (https://bugzil.la/1375585).
JavaScript warning: https://cdn.bidfilter.com/safeframe.js line 1 > eval line 1 > eval, line 1: WebGL warning: <Create>: Can't use WebGL in headless mode (https://bugzil.la/1375585).
JavaScript warning: https://cdn.bidfilter.com/safeframe.js line 1 > eval line 1 > eval, line 1: Failed to create WebGL context: WebGL creation failed: 
* Can't use WebGL in headless mode (https://bugzil.la/1375585).
JavaScript warning: https://s.yimg.com/rq/iv/inside-20.js, line 1: WebGL warning: <Create>: Can't use WebGL in headless mode (https://bugzil.la/1375585).
JavaScript warning: https://s.yimg.com/rq/iv/inside-20.js, line 1: Failed to create WebGL context: WebGL creation failed: 
* Can't use WebGL in headless mode (https://bugzil.la/1375585).
JavaScript warning: https://s.yimg.com/rq/iv/inside-20.js, line 1: WebGL warning: <Create>: Can't use WebGL in headless mode (https://bugzil.la/1375585).
JavaScript warning: https://s.yimg.com/rq/iv/inside-20.js, line 1: Failed to create WebGL context: WebGL creation failed: 
* Can't use WebGL in headless mode (https://bugzil.la/1375585).
JavaScript warning: https://cdn.bidfilter.com/safeframe.js line 1 > eval line 1 > eval, line 1: WebGL warning: <Create>: Can't use WebGL in headless mode (https://bugzil.la/1375585).
JavaScript warning: https://cdn.bidfilter.com/safeframe.js line 1 > eval line 1 > eval, line 1: Failed to create WebGL context: WebGL creation failed: 
* Can't use WebGL in headless mode (https://bugzil.la/1375585).
JavaScript warning: https://s.yimg.com/rq/iv/inside-20.js, line 1: WebGL warning: <Create>: Can't use WebGL in headless mode (https://bugzil.la/1375585).
JavaScript warning: https://s.yimg.com/rq/iv/inside-20.js, line 1: Failed to create WebGL context: WebGL creation failed: 
* Can't use WebGL in headless mode (https://bugzil.la/1375585).
JavaScript warning: https://s.yimg.com/rq/iv/inside-20.js, line 1: WebGL warning: <Create>: Can't use WebGL in headless mode (https://bugzil.la/1375585).
JavaScript warning: https://s.yimg.com/rq/iv/inside-20.js, line 1: Failed to create WebGL context: WebGL creation failed: 
* Can't use WebGL in headJavaScript warning: https://s.yimg.com/rq/iv/inside.js, line 1: WebGL warning: <Create>: Can't use WebGL in headless mode (https://bugzil.la/1375585).
JavaScript warning: https://s.yimg.com/rq/iv/inside.js, line 1: Failed to create WebGL context: WebGL creation failed: 
* Can't use WebGL in headless mode (https://bugzil.la/1375585).
JavaScript warning: https://s.yimg.com/rq/iv/inside.js, line 1: WebGL warning: <Create>: Can't use WebGL in headless mode (https://bugzil.la/1375585).
JavaScript warning: https://s.yimg.com/rq/iv/inside.js, line 1: Failed to create WebGL context: WebGL creation failed: 
* Can't use WebGL in headless mode (https://bugzil.la/1375585).
A content process crashed and MOZ_CRASHREPORTER_SHUTDOWN is set, shutting down
[Parent 6792, Gecko_IOThread] WARNING: file /builds/worker/checkouts/gecko/ipc/chromium/src/base/process_util_win.cc, line 166
1595190981943	Marionette	INFO	Stopped listening on port 50284
1: Failed to create WebGL context: WebGL creation failed: 
* Can't use WebGL in headless mode (https://bugzil.la/1375585).
JavaScript warning: https://s.yimg.com/rq/iv/inside-20.js, line 1: WebGL warning: <Create>: Can't use WebGL in headless mode (https://bugzil.la/1375585).
JavaScript warning: https://s.yimg.com/rq/iv/inside-20.js, line 1: Failed to create WebGL context: WebGL creation failed: 
* Can't use WebGL in headless mode (https://bugzil.la/1375585).
JavaScript warning: https://s.yimg.com/rq/iv/inside-20.js, line 1: WebGL warning: <Create>: Can't use WebGL in headless mode (https://bugzil.la/1375585).
JavaScript warning: https://s.yimg.com/rq/iv/inside-20.js, line 1: Failed to create WebGL context: WebGL creation failed: 
* Can't use WebGL in headless mode (https://bugzil.la/1375585).
JavaScript warning: https://s.yimg.com/rq/iv/inside-20.js, line 1: WebGL warning: <Create>: Can't use WebGL in headless mode (https://bugzil.la/1375585).
JavaScript warning: https://s.yimg.com/rq/iv/inside-20.js, line 1: Failed to create WebGL context: WebGL creation failed: 
* Can't use WebGL in headless mode (https://bugzil.la/1375585).
JavaScript warning: https://s.yimg.com/rq/iv/inside-20.js, line 1: WebGL warning: <Create>: Can't use WebGL in headless mode (https://bugzil.la/1375585).
JavaScript warning: https://s.yimg.com/rq/iv/inside-20.js, line 1: Failed to create WebGL context: WebGL creation failed: 
* Can't use WebGL in headless mode (https://bugzil.la/1375585).
JavaScript warning: https://s.yimg.com/rq/iv/inside-20.js, line 1: WebGL warning: <Create>: Can't use WebGL in headless mode (https://bugzil.la/1375585).
JavaScript warning: https://s.yimg.com/rq/iv/inside-20.js, line 1: Failed to create WebGL context: WebGL creation failed: 
* Can't use WebGL in headless mode (https://bugzil.la/1375585).
JavaScript warning: https://s.yimg.com/rq/iv/inside-20.js, line 1: WebGL warning: <Create>: Can't use WebGL in headless mode (https://bugzil.la/1375585).
JavaScript warning: https://s.yimg.com/rq/iv/inside-20.js, line 1: Failed to create WebGL context: WebGL creation failed: 
* Can't use WebGL in headless mode (https://bugzil.la/1375585).
JavaScript warning: https://s.yimg.com/rq/iv/inside-20.js, line 1: WebGL warning: <Create>: Can't use WebGL in headless mode (https://bugzil.la/1375585).
JavaScript warning: https://s.yimg.com/rq/iv/inside-20.js, line 1: Failed to create WebGL context: WebGL creation failed: 
* Can't use WebGL in headless mode (https://bugzil.la/1375585).
JavaScript warning: https://cdn.bidfilter.com/safeframe.js line 1 > eval line 1 > eval, line 1: WebGL warning: <Create>: Can't use WebGL in headless mode (https://bugzil.la/1375585).
JavaScript warning: https://cdn.bidfilter.com/safeframe.js line 1 > eval line 1 > eval, line 1: Failed to create WebGL context: WebGL creation failed: 
* Can't use WebGL in headless mode (https://bugzil.la/1375585).
JavaScript warning: https://s.yimg.com/rq/iv/inside-20.js, line 1: WebGL warning: <Create>: Can't use WebGL in headless mode (https://bugzil.la/1375585).
JavaScript warning: https://s.yimg.com/rq/iv/inside-20.js, line 1: Failed to create WebGL context: WebGL creation failed: 
* Can't use WebGL in headless mode (https://bugzil.la/1375585).
JavaScript warning: https://s.yimg.com/rq/iv/inside-20.js, line 1: WebGL warning: <Create>: Can't use WebGL in headless mode (https://bugzil.la/1375585).
JavaScript warning: https://s.yimg.com/rq/iv/inside-20.js, line 1: Failed to create WebGL context: WebGL creation failed: 
* Can't use WebGL in headless mode (https://bugzil.la/1375585).
JavaScript warning: https://s.yimg.com/rq/iv/inside-20.js, line 1: WebGL warning: <Create>: Can't use WebGL in headless mode (https://bugzil.la/1375585).
JavaScript warning: https://s.yimg.com/rq/iv/inside-20.js, line 1: Failed to create WebGL context: WebGL creation failed: 
* Can't use WebGL in headless mode (https://bugzil.la/1375585).
JavaScript warning: https://s.yimg.com/rq/iv/inside-20.js, line 1: WebGL warning: <Create>: Can't use WebGL in headless mode (https://bugzil.la/1375585).
JavaScript warning: https://s.yimg.com/rq/iv/inside-20.js, line 1: Failed to create WebGL context: WebGL creation failed: 
* Can't use WebGL in headless mode (https://bugzil.la/1375585).
JavaScript warning: https://s.yimg.com/rq/iv/inside-20.js, line 1: WebGL warning: <Create>: Can't use WebGL in headless mode (https://bugzil.la/1375585).
JavaScript warning: https://s.yimg.com/rq/iv/inside-20.js, line 1: Failed to create WebGL context: WebGL creation failed: 
* Can't use WebGL in headless mode (https://bugzil.la/1375585).
JavaScript warning: https://s.yimg.com/rq/iv/inside-20.js, line 1: WebGL warning: <Create>: Can't use WebGL in headless mode (https://bugzil.la/1375585).
JavaScript warning: https://s.yimg.com/rq/iv/inside-20.js, line 1: Failed to create WebGL context: WebGL creation failed: 
* Can't use WebGL in headless mode (https://bugzil.la/1375585).
A content process crashed and MOZ_CRASHREPORTER_SHUTDOWN is set, shutting down
JavaScript warning: https://s.yimg.com/rq/iv/inside-20.js, line 1: WebGL warning: <Create>: Can't use WebGL in headless mode (https://bugzil.la/1375585).
JavaScript warning: https://s.yimg.com/rq/iv/inside-20.js, line 1: FExiting due to channel error.
Exiting due to channel error.
Exiting due to channel error.
ttps://bugzil.la/1375585).
JavaScript warning: https://s.yimg.com/rq/iv/inside-20.js, line 1: WebGL warning: <Create>: Can't use WebGL in headless mode (https://bugzil.la/1375585).
JavaScript warning: https://s.yimg.com/rq/iv/inside-20.js, line 1: Failed to create WebGL context: WebGL creation failed: 
* Can't use WebGL in headless mode (https://bugzil.la/1375585).
[Parent 4204, Gecko_IOThread] WARNING: file /builds/worker/checkouts/gecko/ipc/chromium/src/base/process_util_win.cc, line 166
JavaScript error: https://eus.rubiconproject.com/usync.html?p=33across&endpoint=us-east&us_privacy=, line 12: SecurityError: The operation is insecure.
1595190979208	Marionette	INFO	Stopped listening on port 64594
led: 
* Can't use WebGL in headless mode (https://bugzil.la/1375585).
JavaScript warning: https://s.yimg.com/rq/iv/inside.js, line 1: WebGL warning: <Create>: Can't use WebGL in headless mode (https://bugzil.la/1375585).
JavaScript warning: https://s.yimg.com/rq/iv/inside.js, line 1: Failed to create WebGL context: WebGL creation failed: 
* Can't use WebGL in headless mode (https://bugzil.la/1375585).
JavaScript warning: https://s.yimg.com/rq/iv/inside.js, line 1: WebGL warning: <Create>: Can't use WebGL in headless mode (https://bugzil.la/1375585).
JavaScript warning: https://s.yimg.com/rq/iv/inside.js, line 1: Failed to create WebGL context: WebGL creation failed: 
* Can't use WebGL in headless mode (https://bugzil.la/1375585).
JavaScript warning: https://cdn.bidfilter.com/safeframe.js line 1 > eval line 1 > eval, line 1: WebGL warning: <Create>: Can't use WebGL in headless mode (https://bugzil.la/1375585).
JavaScript warning: https://cdn.bidfilter.com/safeframe.js line 1 > eval line 1 > eval, line 1: Failed to create WebGL context: WebGL creation failed: 
* Can't use WebGL in headless mode (https://bugzil.la/1375585).
JavaScript warning: https://s.yimg.com/rq/iv/inside.js, line 1: WebGL warning: <Create>: Can't use WebGL in headless mode (https://bugzil.la/1375585).
JavaScript warning: https://s.yimg.com/rq/iv/inside.js, line 1: Failed to create WebGL context: WebGL creation failed: 
* Can't use WebGL in headless mode (https://bugzil.la/1375585).
JavaScript warning: https://s.yimg.com/rq/iv/inside.js, line 1: WebGL warning: <Create>: Can't use WebGL in headless mode (https://bugzil.la/1375585).
JavaScript warning: https://s.yimg.com/rq/iv/inside.js, line 1: Failed to create WebGL context: WebGL creation failed: 
* Can't use WebGL in headless mode (https://bugzil.la/1375585).
JavaScript warning: https://cdn.bidfilter.com/safeframe.js line 1 > eval line 1 > eval, line 1: WebGL warning: <Create>: Can't use WebGL in headless mode (https://bugzil.la/1375585).
JavaScript warning: https://cdn.bidfilter.com/safeframe.js line 1 > eval line 1 > eval, line 1: Failed to create WebGL context: WebGL creation failed: 
* Can't use WebGL in headless mode (https://bugzil.la/1375585).
A content process crashed and MOZ_CRASHREPORTER_SHUTDOWN is set, shutting down
[Parent 3692, Gecko_IOThread] WARNING: file /builds/worker/checkouts/gecko/ipc/chromium/src/base/process_util_win.cc, line 166
JavaScript error: https://eus.rubiconproject.com/usync.html?p=33across&endpoint=us-east&us_privacy=, line 12: SecurityError: The operation is insecure.
1595190980572	Marionette	INFO	Stopped listening on port 65136
1595195724100	mozrunner::runner	INFO	Running command: "C:\\Program Files\\Firefox Developer Edition\\firefox.exe" "-marionette" "-headless" "-foreground" "-no-remote" "-profile" "C:\\Users\\ABDINA~1\\AppData\\Local\\Temp\\rust_mozprofile1lgoh6"
*** You are running in headless mode.
JavaScript error: resource://gre/modules/XULStore.jsm, line 66: Error: Can't find profile directory.
1595195728465	Marionette	INFO	Listening on port 52793
1595195728920	Marionette	WARN	TLS certificate errors will be ignored for this session
JavaScript error: resource://gre/modules/XULStore.jsm, line 66: Error: Can't find profile directory.
JavaScript error: resource://gre/modules/XULStore.jsm, line 66: Error: Can't find profile directory.
JavaScript error: , line 0: NS_ERROR_NOT_AVAILABLE
A content process crashed and MOZ_CRASHREPORTER_SHUTDOWN is set, shutting down
[Parent 21128, Gecko_IOThread] WARNING: file /builds/worker/checkouts/gecko/ipc/chromium/src/base/process_util_win.cc, line 166
JavaScript error: https://eus.rubiconproject.com/usync.html?p=33across&endpoint=us-east&us_privacy=, line 12: SecurityError: The operation is insecure.
1595197443411	Marionette	INFO	Stopped listening on port 52793
 on port 53750
1595197383296	Marionette	WARN	TLS certificate errors will be ignored for this session
JavaScript error: resource://gre/modules/XULStore.jsm, line 66: Error: Can't find profile directory.
Exiting due to channel error.
Exiting due to channel error.
Exiting due to channel error.
1595197455511	mozrunner::runner	INFO	Running command: "C:\\Program Files\\Firefox Developer Edition\\firefox.exe" "-marionette" "-headless" "-foreground" "-no-remote" "-profile" "C:\\Users\\ABDINA~1\\AppData\\Local\\Temp\\rust_mozprofileUQv0lz"
*** You are running in headless mode.
JavaScript error: resource://gre/modules/XULStore.jsm, line 66: Error: Can't find profile directory.
1595197459047	Marionette	INFO	Listening on port 53830
1595197459186	Marionette	WARN	TLS certificate errors will be ignored for this session
JavaScript error: resource://gre/modules/XULStore.jsm, line 66: Error: Can't find profile directory.
JavaScript error: resource://gre/modules/XULStore.jsm, line 66: Error: Can't find profile directory.
A content process crashed and MOZ_CRASHREPORTER_SHUTDOWN is set, shutting down
[Parent 17656, Gecko_IOThread] WARNING: file /builds/worker/checkouts/gecko/ipc/chromium/src/base/process_util_win.cc, line 166
JavaScript error: https://eus.rubiconproject.com/usync.html?p=33across&endpoint=us-east&us_privacy=, line 12: SecurityError: The operation is insecure.
1595197761240	Marionette	INFO	Stopped listening on port 53830
1595197768739	mozrunner::runner	INFO	Running command: "C:\\Program Files\\Firefox Developer Edition\\firefox.exe" "-marionette" "-headless" "-foreground" "-no-remote" "-profile" "C:\\Users\\ABDINA~1\\AppData\\Local\\Temp\\rust_mozprofileDOXguN"
*** You are running in headless mode.
JavaScript error: resource://gre/modules/XULStore.jsm, line 66: Error: Can't find profile directory.
1595197772420	Marionette	INFO	Listening on port 54337
1595197772917	Marionette	WARN	TLS certificate errors will be ignored for this session
JavaScript error: resource://gre/modules/XULStore.jsm, line 66: Error: Can't find profile directory.

###!!! [Parent][MessageChannel] Error: (msgtype=0x39012F,name=PContent::Msg_AsyncMessage) Channel error: cannot send/recv

A content process crashed and MOZ_CRASHREPORTER_SHUTDOWN is set, shutting down
[Parent 5036, Gecko_IOThread] WARNING: file /builds/worker/checkouts/gecko/ipc/chromium/src/base/process_util_win.cc, line 166
1595197847279	Marionette	INFO	Stopped listening on port 54337
6	Marionette	INFO	Listening on port 54398
1595197800190	Marionette	WARN	TLS certificate errors will be ignored for this session
JavaScript error: resource://gre/modules/XULStore.jsm, line 66: Error: Can't find profile directory.

###!!! [Parent][MessageChannel] Error: (msgtype=0x39012F,name=PContent::Msg_AsyncMessage) Channel error: cannot send/recv

A content process crashed and MOZ_CRASHREPORTER_SHUTDOWN is set, shutting down
[Parent 17084, Gecko_IOThread] WARNING: file /builds/worker/checkouts/gecko/ipc/chromium/src/base/process_util_win.cc, line 166
1595197844855	Marionette	INFO	Stopped listening on port 54398
	Marionette	INFO	Listening on port 54465
Exiting due to channel error.
[GFX1-]: Receive IPC close with reason=AbnormalShutdown
Exiting due to channel error.
1595197859665	mozrunner::runner	INFO	Running command: "C:\\Program Files\\Firefox Developer Edition\\firefox.exe" "-marionette" "-headless" "-foreground" "-no-remote" "-profile" "C:\\Users\\ABDINA~1\\AppData\\Local\\Temp\\rust_mozprofilegk59F1"
*** You are running in headless mode.
JavaScript error: resource://gre/modules/XULStore.jsm, line 66: Error: Can't find profile directory.
1595197862725	Marionette	INFO	Listening on port 54516
1595197862822	Marionette	WARN	TLS certificate errors will be ignored for this session
JavaScript error: resource://gre/modules/XULStore.jsm, line 66: Error: Can't find profile directory.
JavaScript error: resource://gre/modules/XULStore.jsm, line 66: Error: Can't find profile directory.
1595197880397	Marionette	INFO	Stopped listening on port 54516
1595197915369	mozrunner::runner	INFO	Running command: "C:\\Program Files\\Firefox Developer Edition\\firefox.exe" "-marionette" "-headless" "-foreground" "-no-remote" "-profile" "C:\\Users\\ABDINA~1\\AppData\\Local\\Temp\\rust_mozprofileSzifgI"
*** You are running in headless mode.
JavaScript error: resource://gre/modules/XULStore.jsm, line 66: Error: Can't find profile directory.
1595197919221	Marionette	INFO	Listening on port 54663
1595197919561	Marionette	WARN	TLS certificate errors will be ignored for this session
JavaScript error: resource://gre/modules/XULStore.jsm, line 66: Error: Can't find profile directory.
JavaScript error: resource://gre/modules/XULStore.jsm, line 66: Error: Can't find profile directory.
1595197939666	Marionette	INFO	Stopped listening on port 54663

###!!! [Child][MessageChannel] Error: (msgtype=0x560018,name=PHal::Msg_UnlockScreenOrientation) Channel closing: too late to send/recv, messages will be lost


###!!! [Child][MessageChannel] Error: (msgtype=0x560018,name=PHal::Msg_UnlockScreenOrientation) Channel closing: too late to send/recv, messages will be lost


###!!! [Child][MessageChannel] Error: (msgtype=0x560018,name=PHal::Msg_UnlockScreenOrientation) Channel closing: too late to send/recv, messages will be lost


###!!! [Child][MessageChannel] Error: (msgtype=0x560018,name=PHal::Msg_UnlockScreenOrientation) Channel closing: too late to send/recv, messages will be lost

1595198091154	mozrunner::runner	INFO	Running command: "C:\\Program Files\\Firefox Developer Edition\\firefox.exe" "-marionette" "-headless" "-foreground" "-no-remote" "-profile" "C:\\Users\\ABDINA~1\\AppData\\Local\\Temp\\rust_mozprofileMWdhmy"
*** You are running in headless mode.
JavaScript error: resource://gre/modules/XULStore.jsm, line 66: Error: Can't find profile directory.
1595198094086	Marionette	INFO	Listening on port 54850
1595198094321	Marionette	WARN	TLS certificate errors will be ignored for this session
JavaScript error: resource://gre/modules/XULStore.jsm, line 66: Error: Can't find profile directory.
JavaScript error: , line 0: NS_ERROR_NOT_AVAILABLE
A content process crashed and MOZ_CRASHREPORTER_SHUTDOWN is set, shutting down
[Parent 20640, Gecko_IOThread] WARNING: file /builds/worker/checkouts/gecko/ipc/chromium/src/base/process_util_win.cc, line 166
1595202003526	Marionette	INFO	Stopped listening on port 54850
/XULStore.jsm, line 66: Error: Can't find profile directory.
1595198125551	Marionette	INFO	Listening on port 54913
1595198125855	Marionette	WARN	TLS certificate errors will be ignored for this session
JavaScript error: resource://gre/modules/XULStore.jsm, line 66: Error: Can't find profile directory.
JavaScript error: resource://gre/modules/XULStore.jsm, line 66: Error: Can't find profile directory.
1595198145461	Marionette	INFO	Stopped listening on port 54913
1595198156462	mozrunner::runner	INFO	Running command: "C:\\Program Files\\Firefox Developer Edition\\firefox.exe" "-marionette" "-headless" "-foreground" "-no-remote" "-profile" "C:\\Users\\ABDINA~1\\AppData\\Local\\Temp\\rust_mozprofileC6fyV5"
*** You are running in headless mode.
JavaScript error: resource://gre/modules/XULStore.jsm, line 66: Error: Can't find profile directory.
1595198159520	Marionette	INFO	Listening on port 55080
1595198159628	Marionette	WARN	TLS certificate errors will be ignored for this session
JavaScript error: resource://gre/modules/XULStore.jsm, line 66: Error: Can't find profile directory.
JavaScript error: resource://gre/modules/XULStore.jsm, line 66: Error: Can't find profile directory.
1595198177641	Marionette	INFO	Stopped listening on port 55080
1595201969935	mozrunner::runner	INFO	Running command: "C:\\Program Files\\Firefox Developer Edition\\firefox.exe" "-marionette" "-headless" "-foreground" "-no-remote" "-profile" "C:\\Users\\ABDINA~1\\AppData\\Local\\Temp\\rust_mozprofilecxM4Ow"
*** You are running in headless mode.
JavaScript error: resource://gre/modules/XULStore.jsm, line 66: Error: Can't find profile directory.
1595201972669	Marionette	INFO	Listening on port 56015
1595201973107	Marionette	WARN	TLS certificate errors will be ignored for this session
JavaScript error: resource://gre/modules/XULStore.jsm, line 66: Error: Can't find profile directory.
A content process crashed and MOZ_CRASHREPORTER_SHUTDOWN is set, shutting down
[Parent 10640, Gecko_IOThread] WARNING: file /builds/worker/checkouts/gecko/ipc/chromium/src/base/process_util_win.cc, line 166
1595202002814	Marionette	INFO	Stopped listening on port 56015
1595202011436	mozrunner::runner	INFO	Running command: "C:\\Program Files\\Firefox Developer Edition\\firefox.exe" "-marionette" "-headless" "-foreground" "-no-remote" "-profile" "C:\\Users\\ABDINA~1\\AppData\\Local\\Temp\\rust_mozprofilerV7vox"
*** You are running in headless mode.
JavaScript error: resource://gre/modules/XULStore.jsm, line 66: Error: Can't find profile directory.
1595202013767	Marionette	INFO	Listening on port 56082
1595202014069	Marionette	WARN	TLS certificate errors will be ignored for this session
JavaScript error: resource://gre/modules/XULStore.jsm, line 66: Error: Can't find profile directory.
Exiting due to channel error.
Exiting due to channel error.
gram Files\\Firefox Developer Edition\\firefox.exe" "-marionette" "-headless" "-foreground" "-no-remote" "-profile" "C:\\Users\\ABDINA~1\\AppData\\Local\\Temp\\rust_mozprofilewdD3dM"
*** You are running in headless mode.
JavaScript error: resource://gre/modules/XULStore.jsm, line 66: Error: Can't find profile directory.
1595202049681	Marionette	INFO	Listening on port 56142
1595202049738	Marionette	WARN	TLS certificate errors will be ignored for this session
JavaScript error: resource://gre/modules/XULStore.jsm, line 66: Error: Can't find profile directory.

###!!! [Parent][MessageChannel] Error: (msgtype=0x39012F,name=PContent::Msg_AsyncMessage) Channel error: cannot send/recv

A content process crashed and MOZ_CRASHREPORTER_SHUTDOWN is set, shutting down
[Parent 23080, Gecko_IOThread] WARNING: file /builds/worker/checkouts/gecko/ipc/chromium/src/base/process_util_win.cc, line 166
1595202479222	Marionette	INFO	Stopped listening on port 56142
	Marionette	INFO	Listening on port 56212
1595202098130	Marionette	WARN	TLS certificate errors will be ignored for this session
JavaScript error: resource://gre/modules/XULStore.jsm, line 66: Error: Can't find profile directory.
JavaScript error: resource://gre/modules/XULStore.jsm, line 66: Error: Can't find profile directory.
1595202113846	Marionette	INFO	Stopped listening on port 56212
1595202184863	mozrunner::runner	INFO	Running command: "C:\\Program Files\\Firefox Developer Edition\\firefox.exe" "-marionette" "-headless" "-foreground" "-no-remote" "-profile" "C:\\Users\\ABDINA~1\\AppData\\Local\\Temp\\rust_mozprofile9IH431"
*** You are running in headless mode.
JavaScript error: resource://gre/modules/XULStore.jsm, line 66: Error: Can't find profile directory.
1595202187650	Marionette	INFO	Listening on port 56361
1595202188027	Marionette	WARN	TLS certificate errors will be ignored for this session
JavaScript error: resource://gre/modules/XULStore.jsm, line 66: Error: Can't find profile directory.
JavaScript error: resource://gre/modules/XULStore.jsm, line 66: Error: Can't find profile directory.
1595202202662	Marionette	INFO	Stopped listening on port 56361
1595202319215	mozrunner::runner	INFO	Running command: "C:\\Program Files\\Firefox Developer Edition\\firefox.exe" "-marionette" "-headless" "-foreground" "-no-remote" "-profile" "C:\\Users\\ABDINA~1\\AppData\\Local\\Temp\\rust_mozprofile79HT7h"
*** You are running in headless mode.
JavaScript error: resource://gre/modules/XULStore.jsm, line 66: Error: Can't find profile directory.
1595202321411	Marionette	INFO	Listening on port 56516
1595202321902	Marionette	WARN	TLS certificate errors will be ignored for this session
JavaScript error: resource://gre/modules/XULStore.jsm, line 66: Error: Can't find profile directory.
A content process crashed and MOZ_CRASHREPORTER_SHUTDOWN is set, shutting down
[Parent 17464, Gecko_IOThread] WARNING: file /builds/worker/checkouts/gecko/ipc/chromium/src/base/process_util_win.cc, line 166
1595202480073	Marionette	INFO	Stopped listening on port 56516
less mode.
JavaScript error: resource://gre/modules/XULStore.jsm, line 66: Error: Can't find profile directory.
1595202388605	Marionette	INFO	Listening on port 56640
1595202388913	Marionette	WARN	TLS certificate errors will be ignored for this session
JavaScript error: resource://gre/modules/XULStore.jsm, line 66: Error: Can't find profile directory.
A content process crashed and MOZ_CRASHREPORTER_SHUTDOWN is set, shutting down
[Parent 3288, Gecko_IOThread] WARNING: file /builds/worker/checkouts/gecko/ipc/chromium/src/base/process_util_win.cc, line 166
1595202477478	Marionette	INFO	Stopped listening on port 56640
dless mode.
JavaScript error: resource://gre/modules/XULStore.jsm, line 66: Error: Can't find profile directory.
1595202460137	Marionette	INFO	Listening on port 56715
1595202460499	Marionette	WARN	TLS certificate errors will be ignored for this session
JavaScript error: resource://gre/modules/XULStore.jsm, line 66: Error: Can't find profile directory.
JavaScript error: resource://gre/modules/XULStore.jsm, line 66: Error: Can't find profile directory.
JavaScript error: chrome://marionette/content/proxy.js, line 222: TypeError: can't access property "remove", this.browser.driver.dialogObserver is null
A content process crashed and MOZ_CRASHREPORTER_SHUTDOWN is set, shutting down
[Parent 20476, Gecko_IOThread] WARNING: file /builds/worker/checkouts/gecko/ipc/chromium/src/base/process_util_win.cc, line 166
JavaScript error: chrome://marionette/content/proxy.js, line 222: TypeError: can't access property "remove", this.browser.driver.dialogObserver is null
JavaScript error: https://eus.rubiconproject.com/usync.html?p=33across&endpoint=us-east&us_privacy=, line 12: SecurityError: The operation is insecure.
1595202479412	Marionette	INFO	Stopped listening on port 56715
1595202537340	mozrunner::runner	INFO	Running command: "C:\\Program Files\\Firefox Developer Edition\\firefox.exe" "-marionette" "-headless" "-foreground" "-no-remote" "-profile" "C:\\Users\\ABDINA~1\\AppData\\Local\\Temp\\rust_mozprofileLIUBgH"
*** You are running in headless mode.
JavaScript error: resource://gre/modules/XULStore.jsm, line 66: Error: Can't find profile directory.
1595202539378	Marionette	INFO	Listening on port 57014
1595202539395	Marionette	WARN	TLS certificate errors will be ignored for this session
JavaScript error: resource://gre/modules/XULStore.jsm, line 66: Error: Can't find profile directory.
JavaScript error: resource://gre/modules/XULStore.jsm, line 66: Error: Can't find profile directory.
1595202554987	Marionette	INFO	Stopped listening on port 57014
1595202644445	mozrunner::runner	INFO	Running command: "C:\\Program Files\\Firefox Developer Edition\\firefox.exe" "-marionette" "-headless" "-foreground" "-no-remote" "-profile" "C:\\Users\\ABDINA~1\\AppData\\Local\\Temp\\rust_mozprofile1Gbfii"
*** You are running in headless mode.
JavaScript error: resource://gre/modules/XULStore.jsm, line 66: Error: Can't find profile directory.
1595202646646	Marionette	INFO	Listening on port 57189
1595202647096	Marionette	WARN	TLS certificate errors will be ignored for this session
JavaScript error: resource://gre/modules/XULStore.jsm, line 66: Error: Can't find profile directory.
JavaScript error: resource://gre/modules/XULStore.jsm, line 66: Error: Can't find profile directory.
1595202662625	Marionette	INFO	Stopped listening on port 57189
1595202717897	mozrunner::runner	INFO	Running command: "C:\\Program Files\\Firefox Developer Edition\\firefox.exe" "-marionette" "-headless" "-foreground" "-no-remote" "-profile" "C:\\Users\\ABDINA~1\\AppData\\Local\\Temp\\rust_mozprofileVNZxub"
*** You are running in headless mode.
JavaScript error: resource://gre/modules/XULStore.jsm, line 66: Error: Can't find profile directory.
1595202720598	Marionette	INFO	Listening on port 57389
1595202721041	Marionette	WARN	TLS certificate errors will be ignored for this session
JavaScript error: resource://gre/modules/XULStore.jsm, line 66: Error: Can't find profile directory.
JavaScript error: resource://gre/modules/XULStore.jsm, line 66: Error: Can't find profile directory.
1595202737630	Marionette	INFO	Stopped listening on port 57389
